2025-09-22 23:46:30.649 [info] Extension host with pid 4420 started
2025-09-22 23:46:30.650 [info] Skipping acquiring lock for c:\Users\isaif\AppData\Roaming\Code\User\workspaceStorage\6636f746f57044459c6202bc8bc3cb66.
2025-09-22 23:46:30.963 [info] ExtensionService#_doActivateExtension vscode.github-authentication, startup: false, activationEvent: 'onAuthenticationRequest:github'
2025-09-22 23:46:31.038 [info] ExtensionService#_doActivateExtension GrapeCity.gc-excelviewer, startup: false, activationEvent: 'onLanguage:plaintext'
2025-09-22 23:46:31.053 [info] ExtensionService#_doActivateExtension mechatroner.rainbow-csv, startup: false, activationEvent: 'onLanguage:plaintext'
2025-09-22 23:46:31.066 [info] ExtensionService#_doActivateExtension vscode.emmet, startup: false, activationEvent: 'onLanguage'
2025-09-22 23:46:31.095 [info] ExtensionService#_doActivateExtension ms-vscode.cpptools, startup: false, activationEvent: 'onLanguage:c'
2025-09-22 23:46:31.919 [info] ExtensionService#_doActivateExtension vscode.git-base, startup: true, activationEvent: '*', root cause: vscode.git
2025-09-22 23:46:31.955 [info] ExtensionService#_doActivateExtension vscode.git, startup: true, activationEvent: '*'
2025-09-22 23:46:32.048 [info] ExtensionService#_doActivateExtension vscode.github, startup: true, activationEvent: '*'
2025-09-22 23:46:33.038 [info] ExtensionService#_doActivateExtension ms-vscode.makefile-tools, startup: true, activationEvent: 'workspaceContains:**/makefile,**/Makefile,**/GNUmakefile'
2025-09-22 23:46:33.195 [info] ExtensionService#_doActivateExtension ms-mssql.mssql, startup: false, activationEvent: 'onView:objectExplorer'
2025-09-22 23:46:34.069 [info] Eager extensions activated
2025-09-22 23:46:34.074 [info] ExtensionService#_doActivateExtension vscode.debug-auto-launch, startup: false, activationEvent: 'onStartupFinished'
2025-09-22 23:46:34.081 [info] ExtensionService#_doActivateExtension vscode.merge-conflict, startup: false, activationEvent: 'onStartupFinished'
2025-09-22 23:46:34.113 [info] ExtensionService#_doActivateExtension esbenp.prettier-vscode, startup: false, activationEvent: 'onStartupFinished'
2025-09-22 23:46:34.254 [info] ExtensionService#_doActivateExtension formulahendry.code-runner, startup: false, activationEvent: 'onStartupFinished'
2025-09-22 23:46:34.402 [info] ExtensionService#_doActivateExtension ms-vscode-remote.remote-containers, startup: false, activationEvent: 'onStartupFinished'
2025-09-22 23:46:34.566 [info] ExtensionService#_doActivateExtension ms-vscode-remote.remote-wsl, startup: false, activationEvent: 'onStartupFinished'
2025-09-22 23:46:34.686 [info] ExtensionService#_doActivateExtension Phu1237.vs-browser, startup: false, activationEvent: 'onStartupFinished'
2025-09-22 23:46:34.834 [info] ExtensionService#_doActivateExtension ritwickdey.LiveServer, startup: false, activationEvent: 'onStartupFinished'
2025-09-22 23:52:30.819 [error] Activating extension ms-mssql.mssql failed due to an error:
2025-09-22 23:52:30.819 [error] Error: Response error: ECONNRESET
	at IncomingMessage.<anonymous> (c:\Users\isaif\.vscode\extensions\ms-mssql.mssql-1.36.0\dist\extension.js:267:1696)
	at IncomingMessage.emit (node:events:518:28)
	at emitErrorNT (node:internal/streams/destroy:170:8)
	at emitErrorCloseNT (node:internal/streams/destroy:129:3)
	at process.processTicksAndRejections (node:internal/process/task_queues:90:21)
